<?xml version="1.0" encoding="UTF-8"?>
<!-- Generated by org.testng.reporters.JUnitReportReporter -->
<testsuite hostname="ATMECSBLRLT-030" failures="0" tests="2" name="selenium.goibibo.GoIbibo" time="57.497" errors="0" timestamp="18 Sep 2020 09:33:57 GMT" skipped="0">
  <testcase classname="selenium.goibibo.GoIbibo" name="login" time="45.885"/>
  <testcase classname="selenium.goibibo.GoIbibo" name="book" time="11.612"/>
</testsuite> <!-- selenium.goibibo.GoIbibo -->
