<?xml version="1.0" encoding="UTF-8"?>
<!-- Generated by org.testng.reporters.JUnitReportReporter -->
<testsuite hostname="ATMECSBLRLT-030" failures="0" tests="1" name="selaniumthirdprogram.Ixigo2" time="20.806" errors="0" timestamp="15 Sep 2020 16:59:09 GMT" skipped="0">
  <testcase classname="selaniumthirdprogram.Ixigo2" name="book" time="20.806"/>
</testsuite> <!-- selaniumthirdprogram.Ixigo2 -->
