<?xml version="1.0" encoding="UTF-8"?>
<!-- Generated by org.testng.reporters.JUnitReportReporter -->
<testsuite hostname="ATMECSBLRLT-030" failures="0" tests="1" name="selaniumthirdprogram.MakeMyTrip" time="7.653" errors="0" timestamp="16 Sep 2020 07:59:18 GMT" skipped="0">
  <testcase classname="selaniumthirdprogram.MakeMyTrip" name="login" time="7.653"/>
</testsuite> <!-- selaniumthirdprogram.MakeMyTrip -->
