<?xml version="1.0" encoding="UTF-8"?>
<!-- Generated by org.testng.reporters.JUnitReportReporter -->
<testsuite hostname="ATMECSBLRLT-030" failures="0" tests="5" name="selaniumthirdprogram.Windows" time="20.258" errors="0" timestamp="15 Sep 2020 14:48:27 GMT" skipped="0">
  <testcase classname="selaniumthirdprogram.Windows" name="facebook" time="5.178"/>
  <testcase classname="selaniumthirdprogram.Windows" name="linkedIn" time="1.419"/>
  <testcase classname="selaniumthirdprogram.Windows" name="youtube" time="6.681"/>
  <testcase classname="selaniumthirdprogram.Windows" name="twitter" time="4.661"/>
  <testcase classname="selaniumthirdprogram.Windows" name="googlePlus" time="2.319"/>
</testsuite> <!-- selaniumthirdprogram.Windows -->
