<?xml version="1.0" encoding="UTF-8"?>
<!-- Generated by org.testng.reporters.JUnitReportReporter -->
<testsuite hostname="ATMECSBLRLT-030" failures="0" tests="1" name="selenium.automationSite.Automation_Site" time="0.000" errors="0" timestamp="18 Sep 2020 09:35:06 GMT" skipped="1">
  <testcase classname="selenium.automationSite.Automation_Site" name="fillform" time="0.000">
    <skipped/>
  </testcase> <!-- fillform -->
</testsuite> <!-- selenium.automationSite.Automation_Site -->
