<?xml version="1.0" encoding="UTF-8"?>
<!-- Generated by org.testng.reporters.JUnitReportReporter -->
<testsuite hostname="ATMECSBLRLT-030" failures="0" tests="2" name="TestingPackage.GoIbibo" time="53.906" errors="0" timestamp="17 Sep 2020 11:18:23 GMT" skipped="0">
  <testcase classname="TestingPackage.GoIbibo" name="login" time="43.465"/>
  <testcase classname="TestingPackage.GoIbibo" name="book" time="10.441"/>
</testsuite> <!-- TestingPackage.GoIbibo -->
