<?xml version="1.0" encoding="UTF-8"?>
<!-- Generated by org.testng.reporters.JUnitReportReporter -->
<testsuite hostname="ATMECSBLRLT-030" failures="0" tests="1" name="selenium.annotations.SecondProgram" time="8.946" errors="0" timestamp="18 Sep 2020 09:16:19 GMT" skipped="0">
  <testcase classname="selenium.annotations.SecondProgram" name="google" time="8.946"/>
</testsuite> <!-- selenium.annotations.SecondProgram -->
