<?xml version="1.0" encoding="UTF-8"?>
<!-- Generated by org.testng.reporters.JUnitReportReporter -->
<testsuite hostname="ATMECSBLRLT-030" failures="0" tests="1" name="demoblazetest.Signup" time="7.921" errors="0" timestamp="18 Sep 2020 02:55:02 GMT" skipped="0">
  <testcase classname="demoblazetest.Signup" name="signup" time="7.921"/>
</testsuite> <!-- demoblazetest.Signup -->
