<?xml version="1.0" encoding="UTF-8"?>
<!-- Generated by org.testng.reporters.JUnitReportReporter -->
<testsuite hostname="ATMECSBLRLT-030" failures="0" tests="2" name="selaniumthirdprogram.Ixigo" time="43.131" errors="0" timestamp="16 Sep 2020 09:42:22 GMT" skipped="0">
  <testcase classname="selaniumthirdprogram.Ixigo" name="login" time="12.522"/>
  <testcase classname="selaniumthirdprogram.Ixigo" name="book" time="30.609"/>
</testsuite> <!-- selaniumthirdprogram.Ixigo -->
