<?xml version="1.0" encoding="UTF-8"?>
<!-- Generated by org.testng.reporters.JUnitReportReporter -->
<testsuite hostname="ATMECSBLRLT-030" failures="0" tests="2" name="selaniumthirdprogram.GoIbibo" time="55.182" errors="0" timestamp="16 Sep 2020 10:50:27 GMT" skipped="0">
  <testcase classname="selaniumthirdprogram.GoIbibo" name="login" time="44.576"/>
  <testcase classname="selaniumthirdprogram.GoIbibo" name="book" time="10.606"/>
</testsuite> <!-- selaniumthirdprogram.GoIbibo -->
