<?xml version="1.0" encoding="UTF-8"?>
<!-- Generated by org.testng.reporters.JUnitReportReporter -->
<testsuite hostname="ATMECSBLRLT-030" failures="0" tests="1" name="selaniumfirstprogram.FirstProgram" time="15.197" errors="0" timestamp="15 Sep 2020 08:21:46 GMT" skipped="0">
  <testcase classname="selaniumfirstprogram.FirstProgram" name="guruTest" time="15.197"/>
</testsuite> <!-- selaniumfirstprogram.FirstProgram -->
