<?xml version="1.0" encoding="UTF-8"?>
<!-- Generated by org.testng.reporters.JUnitReportReporter -->
<testsuite hostname="ATMECSBLRLT-030" failures="0" tests="2" name="selaniumsecondprogram.TestDemo" time="27.432" errors="0" timestamp="12 Sep 2020 13:37:02 GMT" skipped="0">
  <testcase classname="selaniumsecondprogram.TestDemo" name="addCart" time="7.970"/>
  <testcase classname="selaniumsecondprogram.TestDemo" name="validate" time="19.462"/>
</testsuite> <!-- selaniumsecondprogram.TestDemo -->
