<?xml version="1.0" encoding="UTF-8"?>
<!-- Generated by org.testng.reporters.JUnitReportReporter -->
<testsuite hostname="ATMECSBLRLT-030" failures="0" tests="1" name="selaniumfourthassignment.Phptravels" time="8.989" errors="0" timestamp="17 Sep 2020 10:10:59 GMT" skipped="0">
  <testcase classname="selaniumfourthassignment.Phptravels" name="login" time="8.989"/>
</testsuite> <!-- selaniumfourthassignment.Phptravels -->
