<?xml version="1.0" encoding="UTF-8"?>
<!-- Generated by org.testng.reporters.JUnitReportReporter -->
<testsuite hostname="ATMECSBLRLT-030" failures="0" tests="1" name="selaniumfourthassignment.Credentials" time="9.014" errors="0" timestamp="17 Sep 2020 08:37:16 GMT" skipped="0">
  <testcase classname="selaniumfourthassignment.Credentials" name="site" time="9.014"/>
</testsuite> <!-- selaniumfourthassignment.Credentials -->
