<?xml version="1.0" encoding="UTF-8"?>
<!-- Generated by org.testng.reporters.JUnitReportReporter -->
<testsuite hostname="ATMECSBLRLT-030" failures="0" tests="1" name="selenium.automationSite.copy.Automation_Site" time="36.935" errors="0" timestamp="18 Sep 2020 10:36:27 GMT" skipped="0">
  <testcase classname="selenium.automationSite.copy.Automation_Site" name="fillform" time="36.935"/>
</testsuite> <!-- selenium.automationSite.copy.Automation_Site -->
