<?xml version="1.0" encoding="UTF-8"?>
<!-- Generated by org.testng.reporters.JUnitReportReporter -->
<testsuite hostname="ATMECSBLRLT-030" failures="0" tests="1" name="selenium.annotations.FirstProgram" time="12.573" errors="0" timestamp="18 Sep 2020 09:16:19 GMT" skipped="0">
  <testcase classname="selenium.annotations.FirstProgram" name="guruTest" time="12.573"/>
</testsuite> <!-- selenium.annotations.FirstProgram -->
