<?xml version="1.0" encoding="UTF-8"?>
<!-- Generated by org.testng.reporters.JUnitReportReporter -->
<testsuite hostname="ATMECSBLRLT-030" failures="0" tests="1" name="selaniumthirdprogram.Automation_Site" time="16.601" errors="0" timestamp="16 Sep 2020 12:00:11 GMT" skipped="0">
  <testcase classname="selaniumthirdprogram.Automation_Site" name="fillform" time="16.601"/>
</testsuite> <!-- selaniumthirdprogram.Automation_Site -->
