<?xml version="1.0" encoding="UTF-8"?>
<!-- Generated by org.testng.reporters.JUnitReportReporter -->
<testsuite hostname="ATMECSBLRLT-030" failures="0" tests="4" name="selaniumsecondprogram.DemoBlaze" time="50.210" errors="0" timestamp="14 Sep 2020 06:30:36 GMT" skipped="0">
  <testcase classname="selaniumsecondprogram.DemoBlaze" name="signup" time="8.407"/>
  <testcase classname="selaniumsecondprogram.DemoBlaze" name="login" time="5.682"/>
  <testcase classname="selaniumsecondprogram.DemoBlaze" name="contact" time="6.034"/>
  <testcase classname="selaniumsecondprogram.DemoBlaze" name="addCart" time="30.087"/>
</testsuite> <!-- selaniumsecondprogram.DemoBlaze -->
