<?xml version="1.0" encoding="UTF-8"?>
<!-- Generated by org.testng.reporters.JUnitReportReporter -->
<testsuite hostname="ATMECSBLRLT-030" failures="0" tests="1" name="selaniumfourthprogram.Phptravels" time="11.977" errors="0" timestamp="17 Sep 2020 07:21:34 GMT" skipped="0">
  <testcase classname="selaniumfourthprogram.Phptravels" name="login" time="11.977"/>
</testsuite> <!-- selaniumfourthprogram.Phptravels -->
