<?xml version="1.0" encoding="UTF-8"?>
<!-- Generated by org.testng.reporters.JUnitReportReporter -->
<testsuite hostname="ATMECSBLRLT-030" failures="0" tests="5" name="selenium.automationSite.copy.Windows" time="16.009" errors="0" timestamp="18 Sep 2020 10:43:17 GMT" skipped="0">
  <testcase classname="selenium.automationSite.copy.Windows" name="facebook" time="4.037"/>
  <testcase classname="selenium.automationSite.copy.Windows" name="linkedIn" time="1.850"/>
  <testcase classname="selenium.automationSite.copy.Windows" name="youtube" time="4.454"/>
  <testcase classname="selenium.automationSite.copy.Windows" name="twitter" time="3.299"/>
  <testcase classname="selenium.automationSite.copy.Windows" name="googlePlus" time="2.369"/>
</testsuite> <!-- selenium.automationSite.copy.Windows -->
