<?xml version="1.0" encoding="UTF-8"?>
<!-- Generated by org.testng.reporters.JUnitReportReporter -->
<testsuite hostname="ATMECSBLRLT-030" failures="0" tests="1" name="selenium.demoblaze.copy.Signup" time="1.507" errors="0" timestamp="18 Sep 2020 09:42:39 GMT" skipped="0">
  <testcase classname="selenium.demoblaze.copy.Signup" name="signup" time="1.507"/>
</testsuite> <!-- selenium.demoblaze.copy.Signup -->
