<?xml version="1.0" encoding="UTF-8"?>
<!-- Generated by org.testng.reporters.JUnitReportReporter -->
<testsuite hostname="ATMECSBLRLT-030" failures="0" tests="1" name="selenium.demoblaze.AddCartClass" time="19.226" errors="0" timestamp="18 Sep 2020 09:44:27 GMT" skipped="0">
  <testcase classname="selenium.demoblaze.AddCartClass" name="addCart" time="19.226"/>
</testsuite> <!-- selenium.demoblaze.AddCartClass -->
