<?xml version="1.0" encoding="UTF-8"?>
<!-- Generated by org.testng.reporters.JUnitReportReporter -->
<testsuite hostname="ATMECSBLRLT-030" failures="0" tests="5" name="selenium.automationSite.Windows" time="0.000" errors="0" timestamp="18 Sep 2020 09:35:06 GMT" skipped="5">
  <testcase classname="selenium.automationSite.Windows" name="linkedIn" time="0.000">
    <skipped/>
  </testcase> <!-- linkedIn -->
  <testcase classname="selenium.automationSite.Windows" name="googlePlus" time="0.000">
    <skipped/>
  </testcase> <!-- googlePlus -->
  <testcase classname="selenium.automationSite.Windows" name="facebook" time="0.000">
    <skipped/>
  </testcase> <!-- facebook -->
  <testcase classname="selenium.automationSite.Windows" name="twitter" time="0.000">
    <skipped/>
  </testcase> <!-- twitter -->
  <testcase classname="selenium.automationSite.Windows" name="youtube" time="0.000">
    <skipped/>
  </testcase> <!-- youtube -->
</testsuite> <!-- selenium.automationSite.Windows -->
