<?xml version="1.0" encoding="UTF-8"?>
<!-- Generated by org.testng.reporters.JUnitReportReporter -->
<testsuite hostname="ATMECSBLRLT-030" failures="0" tests="1" name="selenium.demoblaze.LoginClass" time="11.746" errors="0" timestamp="18 Sep 2020 09:29:01 GMT" skipped="0">
  <testcase classname="selenium.demoblaze.LoginClass" name="login" time="11.746"/>
</testsuite> <!-- selenium.demoblaze.LoginClass -->
