<?xml version="1.0" encoding="UTF-8"?>
<!-- Generated by org.testng.reporters.JUnitReportReporter -->
<testsuite hostname="ATMECSBLRLT-030" failures="0" tests="5" name="selaniumsecondprogram.DemoBlaze" time="75.080" errors="0" timestamp="12 Sep 2020 13:56:24 GMT" skipped="0">
  <testcase classname="selaniumsecondprogram.DemoBlaze" name="signup" time="9.606"/>
  <testcase classname="selaniumsecondprogram.DemoBlaze" name="login" time="8.588"/>
  <testcase classname="selaniumsecondprogram.DemoBlaze" name="contact" time="12.514"/>
  <testcase classname="selaniumsecondprogram.DemoBlaze" name="addCart" time="14.455"/>
  <testcase classname="selaniumsecondprogram.DemoBlaze" name="validate" time="29.917"/>
</testsuite> <!-- selaniumsecondprogram.DemoBlaze -->
