<?xml version="1.0" encoding="UTF-8"?>
<!-- Generated by org.testng.reporters.JUnitReportReporter -->
<testsuite hostname="ATMECSBLRLT-030" failures="0" tests="1" name="demoblazetest.LoginClass" time="6.318" errors="0" timestamp="18 Sep 2020 02:55:26 GMT" skipped="0">
  <testcase classname="demoblazetest.LoginClass" name="login" time="6.318"/>
</testsuite> <!-- demoblazetest.LoginClass -->
