<?xml version="1.0" encoding="UTF-8"?>
<!-- Generated by org.testng.reporters.JUnitReportReporter -->
<testsuite hostname="ATMECSBLRLT-030" failures="0" tests="1" name="demoblazetest.ContactClass" time="5.900" errors="0" timestamp="18 Sep 2020 02:55:02 GMT" skipped="0">
  <testcase classname="demoblazetest.ContactClass" name="contact" time="5.900"/>
</testsuite> <!-- demoblazetest.ContactClass -->
