<?xml version="1.0" encoding="UTF-8"?>
<!-- Generated by org.testng.reporters.JUnitReportReporter -->
<testsuite hostname="ATMECSBLRLT-030" failures="0" tests="1" name="selaniumfirstprogram.SecondProgram" time="12.068" errors="0" timestamp="11 Sep 2020 14:36:14 GMT" skipped="0">
  <testcase classname="selaniumfirstprogram.SecondProgram" name="google" time="12.068"/>
</testsuite> <!-- selaniumfirstprogram.SecondProgram -->
